<?xml version="1.0" encoding="UTF-8"?>
<!-- Generated by org.testng.reporters.JUnitXMLReporter -->
<testsuite ignored="0" hostname="DESKTOP-T06S0P0" failures="0" tests="3" name="Default test" time="19.433" errors="0" timestamp="2022-07-07T01:30:46 IST">
  <testcase classname="com.qa.opencart.Tests.LoginPageTest" name="loginPageNavigationTest" time="0.503"/>
  <testcase classname="com.qa.opencart.Tests.LoginPageTest" name="forgotPSWLinkExists" time="0.031"/>
  <testcase classname="com.qa.opencart.Tests.LoginPageTest" name="apploginTest" time="0.488"/>
</testsuite> <!-- Default test -->
