<?xml version="1.0" encoding="UTF-8"?>
<!-- Generated by org.testng.reporters.JUnitXMLReporter -->
<testsuite ignored="1" hostname="DESKTOP-T06S0P0" failures="0" tests="5" name="Default test" time="16.875" errors="0" timestamp="2022-06-16T20:06:40 IST">
  <testcase classname="com.qa.opencart.Tests.HomepageTest1" name="homePageTitleTest" time="0.034"/>
  <testcase classname="com.qa.opencart.Tests.HomepageTest1" name="searchTest" time="0.791"/>
  <testcase classname="com.qa.opencart.Tests.HomepageTest1" name="searchTest" time="0.7"/>
  <testcase classname="com.qa.opencart.Tests.HomepageTest1" name="searchTest" time="0.745"/>
  <testcase classname="com.qa.opencart.Tests.HomepageTest1" name="searchTest" time="0.555"/>
  <testcase classname="com.qa.opencart.Tests.HomepageTest1" name="homePageUrlTest" time="0.0">
    <ignored/>
  </testcase> <!-- homePageUrlTest -->
</testsuite> <!-- Default test -->
