<?xml version="1.0" encoding="UTF-8"?>
<testng-results ignored="1" total="6" passed="5" failed="0" skipped="0">
  <reporter-output>
  </reporter-output>
  <suite started-at="2022-06-16T20:06:23 IST" name="Default suite" finished-at="2022-06-16T20:06:40 IST" duration-ms="16875">
    <groups>
    </groups>
    <test started-at="2022-06-16T20:06:23 IST" name="Default test" finished-at="2022-06-16T20:06:40 IST" duration-ms="16875">
      <class name="com.qa.opencart.Tests.HomepageTest1">
        <test-method is-config="true" signature="setup()[pri:0, instance:com.qa.opencart.Tests.HomepageTest1@121314f7]" started-at="2022-06-16T20:06:23 IST" name="setup" finished-at="2022-06-16T20:06:37 IST" duration-ms="13223" status="PASS">
          <reporter-output>
          </reporter-output>
        </test-method> <!-- setup -->
        <test-method signature="homePageTitleTest()[pri:0, instance:com.qa.opencart.Tests.HomepageTest1@121314f7]" started-at="2022-06-16T20:06:37 IST" name="homePageTitleTest" finished-at="2022-06-16T20:06:37 IST" duration-ms="34" status="PASS">
          <reporter-output>
          </reporter-output>
        </test-method> <!-- homePageTitleTest -->
        <test-method signature="searchTest(java.lang.String)[pri:0, instance:com.qa.opencart.Tests.HomepageTest1@121314f7]" started-at="2022-06-16T20:06:37 IST" name="searchTest" data-provider="getProductData" finished-at="2022-06-16T20:06:38 IST" duration-ms="791" status="PASS">
          <params>
            <param index="0">
              <value>
                <![CDATA[Macbook]]>
              </value>
            </param>
          </params>
          <reporter-output>
          </reporter-output>
        </test-method> <!-- searchTest -->
        <test-method signature="searchTest(java.lang.String)[pri:0, instance:com.qa.opencart.Tests.HomepageTest1@121314f7]" started-at="2022-06-16T20:06:38 IST" name="searchTest" data-provider="getProductData" finished-at="2022-06-16T20:06:38 IST" duration-ms="700" status="PASS">
          <params>
            <param index="0">
              <value>
                <![CDATA[iMac]]>
              </value>
            </param>
          </params>
          <reporter-output>
          </reporter-output>
        </test-method> <!-- searchTest -->
        <test-method signature="searchTest(java.lang.String)[pri:0, instance:com.qa.opencart.Tests.HomepageTest1@121314f7]" started-at="2022-06-16T20:06:38 IST" name="searchTest" data-provider="getProductData" finished-at="2022-06-16T20:06:39 IST" duration-ms="745" status="PASS">
          <params>
            <param index="0">
              <value>
                <![CDATA[Samsung]]>
              </value>
            </param>
          </params>
          <reporter-output>
          </reporter-output>
        </test-method> <!-- searchTest -->
        <test-method signature="searchTest()[pri:6, instance:com.qa.opencart.Tests.HomepageTest1@121314f7]" started-at="2022-06-16T20:06:39 IST" name="searchTest" finished-at="2022-06-16T20:06:40 IST" duration-ms="555" status="PASS">
          <reporter-output>
          </reporter-output>
        </test-method> <!-- searchTest -->
        <test-method is-config="true" signature="teardown()[pri:0, instance:com.qa.opencart.Tests.HomepageTest1@121314f7]" started-at="2022-06-16T20:06:40 IST" name="teardown" finished-at="2022-06-16T20:06:40 IST" duration-ms="699" status="PASS">
          <reporter-output>
          </reporter-output>
        </test-method> <!-- teardown -->
      </class> <!-- com.qa.opencart.Tests.HomepageTest1 -->
    </test> <!-- Default test -->
  </suite> <!-- Default suite -->
</testng-results>
