<?xml version="1.0" encoding="UTF-8"?>
<testng-results ignored="0" total="6" passed="6" failed="0" skipped="0">
  <reporter-output>
  </reporter-output>
  <suite started-at="2022-07-06T23:43:52 IST" name="Default suite" finished-at="2022-07-06T23:44:30 IST" duration-ms="37952">
    <groups>
    </groups>
    <test started-at="2022-07-06T23:43:52 IST" name="Default test" finished-at="2022-07-06T23:44:30 IST" duration-ms="37952">
      <class name="com.qa.opencart.Tests.HomepageTest1">
        <test-method is-config="true" signature="setup()[pri:0, instance:com.qa.opencart.Tests.HomepageTest1@25641d39]" started-at="2022-07-06T23:43:52 IST" name="setup" finished-at="2022-07-06T23:44:24 IST" duration-ms="32211" status="PASS">
          <reporter-output>
          </reporter-output>
        </test-method> <!-- setup -->
        <test-method signature="homePageTitleTest()[pri:0, instance:com.qa.opencart.Tests.HomepageTest1@25641d39]" started-at="2022-07-06T23:44:24 IST" name="homePageTitleTest" finished-at="2022-07-06T23:44:24 IST" duration-ms="27" status="PASS">
          <reporter-output>
          </reporter-output>
        </test-method> <!-- homePageTitleTest -->
        <test-method signature="homePageUrlTest()[pri:0, instance:com.qa.opencart.Tests.HomepageTest1@25641d39]" started-at="2022-07-06T23:44:24 IST" name="homePageUrlTest" finished-at="2022-07-06T23:44:24 IST" duration-ms="3" status="PASS">
          <reporter-output>
          </reporter-output>
        </test-method> <!-- homePageUrlTest -->
        <test-method signature="searchTest(java.lang.String)[pri:0, instance:com.qa.opencart.Tests.HomepageTest1@25641d39]" started-at="2022-07-06T23:44:24 IST" name="searchTest" data-provider="getProductData" finished-at="2022-07-06T23:44:26 IST" duration-ms="2257" status="PASS">
          <params>
            <param index="0">
              <value>
                <![CDATA[Macbook]]>
              </value>
            </param>
          </params>
          <reporter-output>
          </reporter-output>
        </test-method> <!-- searchTest -->
        <test-method signature="searchTest(java.lang.String)[pri:0, instance:com.qa.opencart.Tests.HomepageTest1@25641d39]" started-at="2022-07-06T23:44:26 IST" name="searchTest" data-provider="getProductData" finished-at="2022-07-06T23:44:27 IST" duration-ms="881" status="PASS">
          <params>
            <param index="0">
              <value>
                <![CDATA[iMac]]>
              </value>
            </param>
          </params>
          <reporter-output>
          </reporter-output>
        </test-method> <!-- searchTest -->
        <test-method signature="searchTest(java.lang.String)[pri:0, instance:com.qa.opencart.Tests.HomepageTest1@25641d39]" started-at="2022-07-06T23:44:27 IST" name="searchTest" data-provider="getProductData" finished-at="2022-07-06T23:44:28 IST" duration-ms="1220" status="PASS">
          <params>
            <param index="0">
              <value>
                <![CDATA[Samsung]]>
              </value>
            </param>
          </params>
          <reporter-output>
          </reporter-output>
        </test-method> <!-- searchTest -->
        <test-method signature="searchTest()[pri:6, instance:com.qa.opencart.Tests.HomepageTest1@25641d39]" started-at="2022-07-06T23:44:28 IST" name="searchTest" finished-at="2022-07-06T23:44:29 IST" duration-ms="1002" status="PASS">
          <reporter-output>
          </reporter-output>
        </test-method> <!-- searchTest -->
        <test-method is-config="true" signature="teardown()[pri:0, instance:com.qa.opencart.Tests.HomepageTest1@25641d39]" started-at="2022-07-06T23:44:30 IST" name="teardown" finished-at="2022-07-06T23:44:30 IST" duration-ms="194" status="PASS">
          <reporter-output>
          </reporter-output>
        </test-method> <!-- teardown -->
      </class> <!-- com.qa.opencart.Tests.HomepageTest1 -->
    </test> <!-- Default test -->
  </suite> <!-- Default suite -->
</testng-results>
