<?xml version="1.0" encoding="UTF-8"?>
<!-- Generated by org.testng.reporters.JUnitXMLReporter -->
<testsuite ignored="0" hostname="DESKTOP-T06S0P0" failures="0" tests="6" name="Open Cart Home Page Test" time="21.466" errors="0" timestamp="2022-07-07T01:50:47 IST">
  <testcase classname="com.qa.opencart.Tests.HomepageTest1" name="homePageTitleTest" time="0.018"/>
  <testcase classname="com.qa.opencart.Tests.HomepageTest1" name="homePageUrlTest" time="0.002"/>
  <testcase classname="com.qa.opencart.Tests.HomepageTest1" name="searchTest" time="0.899"/>
  <testcase classname="com.qa.opencart.Tests.HomepageTest1" name="searchTest" time="0.894"/>
  <testcase classname="com.qa.opencart.Tests.HomepageTest1" name="searchTest" time="0.473"/>
  <testcase classname="com.qa.opencart.Tests.HomepageTest1" name="searchTest" time="0.441"/>
</testsuite> <!-- Open Cart Home Page Test -->
