<?xml version="1.0" encoding="UTF-8"?>
<!-- Generated by org.testng.reporters.JUnitXMLReporter -->
<testsuite ignored="0" hostname="DESKTOP-T06S0P0" failures="0" tests="3" name="Open Cart Login Page Test" time="20.604" errors="0" timestamp="2022-07-07T01:50:46 IST">
  <testcase classname="com.qa.opencart.Tests.LoginPageTest" name="loginPageNavigationTest" time="0.548"/>
  <testcase classname="com.qa.opencart.Tests.LoginPageTest" name="forgotPSWLinkExists" time="0.066"/>
  <testcase classname="com.qa.opencart.Tests.LoginPageTest" name="apploginTest" time="0.739"/>
</testsuite> <!-- Open Cart Login Page Test -->
